Build started 21/03/2016 9:04:18 AM.
     1>Project "C:\Users\bibiana\Desktop\Copy - mesh\meshviewer\myproj\myproj.vcxproj" on node 2 (Build target(s)).
       Project file contains ToolsVersion="12.0". This toolset may be unknown or missing, in which case you may be able to resolve this by installing the appropriate version of MSBuild, or the build may have been forced to a particular ToolsVersion for policy reasons. Treating the project as if it had ToolsVersion="4.0". For more information, please see http://go.microsoft.com/fwlink/?LinkId=291333.
     1>ClCompile:
         C:\Program Files (x86)\Microsoft Visual Studio 11.0\VC\bin\CL.exe /c /ZI /nologo /W3 /WX- /Od /Oy- /D WIN32 /D _DEBUG /D _CONSOLE /D _UNICODE /D UNICODE /Gm /EHsc /RTC1 /MDd /GS /fp:precise /Zc:wchar_t /Zc:forScope /Yu"stdafx.h" /Fp"Debug\myproj.pch" /Fo"Debug\\" /Fd"Debug\vc110.pdb" /Gd /TP /analyze- /errorReport:prompt main.cpp
         main.cpp
     1>c:\users\bibiana\desktop\copy - mesh\meshviewer\myproj\main.cpp(27): warning C4305: 'initializing' : truncation from 'double' to 'float'
     1>c:\users\bibiana\desktop\copy - mesh\meshviewer\myproj\main.cpp(56): warning C4305: 'argument' : truncation from 'double' to 'GLfloat'
     1>c:\users\bibiana\desktop\copy - mesh\meshviewer\myproj\main.cpp(134): warning C4244: 'argument' : conversion from 'double' to 'GLfloat', possible loss of data
     1>c:\users\bibiana\desktop\copy - mesh\meshviewer\myproj\main.cpp(137): warning C4244: 'argument' : conversion from 'double' to 'GLfloat', possible loss of data
     1>c:\users\bibiana\desktop\copy - mesh\meshviewer\myproj\main.cpp(140): warning C4244: 'argument' : conversion from 'double' to 'GLfloat', possible loss of data
     1>c:\users\bibiana\desktop\copy - mesh\meshviewer\myproj\main.cpp(493): warning C4244: 'argument' : conversion from 'double' to 'GLfloat', possible loss of data
     1>c:\users\bibiana\desktop\copy - mesh\meshviewer\myproj\main.cpp(494): warning C4244: 'argument' : conversion from 'double' to 'GLfloat', possible loss of data
     1>c:\users\bibiana\desktop\copy - mesh\meshviewer\myproj\main.cpp(499): warning C4244: 'argument' : conversion from 'double' to 'GLfloat', possible loss of data
     1>c:\users\bibiana\desktop\copy - mesh\meshviewer\myproj\main.cpp(500): warning C4244: 'argument' : conversion from 'double' to 'GLfloat', possible loss of data
     1>c:\users\bibiana\desktop\copy - mesh\meshviewer\myproj\main.cpp(505): warning C4244: 'argument' : conversion from 'double' to 'GLfloat', possible loss of data
     1>c:\users\bibiana\desktop\copy - mesh\meshviewer\myproj\main.cpp(506): warning C4244: 'argument' : conversion from 'double' to 'GLfloat', possible loss of data
     1>c:\users\bibiana\desktop\copy - mesh\meshviewer\myproj\main.cpp(523): warning C4244: 'argument' : conversion from 'double' to 'GLfloat', possible loss of data
     1>c:\users\bibiana\desktop\copy - mesh\meshviewer\myproj\main.cpp(539): warning C4244: 'argument' : conversion from 'double' to 'GLfloat', possible loss of data
     1>c:\users\bibiana\desktop\copy - mesh\meshviewer\myproj\main.cpp(540): warning C4244: 'argument' : conversion from 'double' to 'GLfloat', possible loss of data
     1>c:\users\bibiana\desktop\copy - mesh\meshviewer\myproj\main.cpp(541): warning C4244: 'argument' : conversion from 'double' to 'GLfloat', possible loss of data
     1>c:\users\bibiana\desktop\copy - mesh\meshviewer\myproj\main.cpp(542): warning C4244: 'argument' : conversion from 'double' to 'GLfloat', possible loss of data
     1>c:\users\bibiana\desktop\copy - mesh\meshviewer\myproj\main.cpp(578): warning C4244: 'argument' : conversion from 'double' to 'GLfloat', possible loss of data
     1>c:\users\bibiana\desktop\copy - mesh\meshviewer\myproj\main.cpp(579): warning C4244: 'argument' : conversion from 'double' to 'GLfloat', possible loss of data
     1>c:\users\bibiana\desktop\copy - mesh\meshviewer\myproj\main.cpp(592): warning C4244: 'argument' : conversion from 'double' to 'GLfloat', possible loss of data
     1>c:\users\bibiana\desktop\copy - mesh\meshviewer\myproj\main.cpp(603): warning C4244: 'argument' : conversion from 'double' to 'GLfloat', possible loss of data
     1>c:\users\bibiana\desktop\copy - mesh\meshviewer\myproj\main.cpp(604): warning C4244: 'argument' : conversion from 'double' to 'GLfloat', possible loss of data
     1>c:\users\bibiana\desktop\copy - mesh\meshviewer\myproj\main.cpp(615): warning C4244: 'argument' : conversion from 'double' to 'GLfloat', possible loss of data
     1>c:\users\bibiana\desktop\copy - mesh\meshviewer\myproj\main.cpp(624): warning C4305: 'argument' : truncation from 'double' to 'GLfloat'
     1>c:\users\bibiana\desktop\copy - mesh\meshviewer\myproj\main.cpp(630): warning C4244: 'argument' : conversion from 'double' to 'GLfloat', possible loss of data
     1>c:\users\bibiana\desktop\copy - mesh\meshviewer\myproj\main.cpp(632): warning C4244: 'argument' : conversion from 'double' to 'GLfloat', possible loss of data
     1>c:\users\bibiana\desktop\copy - mesh\meshviewer\myproj\main.cpp(634): warning C4244: 'argument' : conversion from 'double' to 'GLfloat', possible loss of data
       Link:
         C:\Program Files (x86)\Microsoft Visual Studio 11.0\VC\bin\link.exe /ERRORREPORT:PROMPT /OUT:"C:\Users\bibiana\Desktop\Copy - mesh\meshviewer\Debug\myproj.exe" /INCREMENTAL /NOLOGO freeglut.lib glu32.lib opengl32.lib glew32.lib kernel32.lib user32.lib gdi32.lib winspool.lib comdlg32.lib advapi32.lib shell32.lib ole32.lib oleaut32.lib uuid.lib odbc32.lib odbccp32.lib /MANIFEST /MANIFESTUAC:"level='asInvoker' uiAccess='false'" /manifest:embed /DEBUG /PDB:"C:\Users\bibiana\Desktop\Copy - mesh\meshviewer\Debug\myproj.pdb" /SUBSYSTEM:CONSOLE /TLBID:1 /DYNAMICBASE /NXCOMPAT /IMPLIB:"C:\Users\bibiana\Desktop\Copy - mesh\meshviewer\Debug\myproj.lib" /MACHINE:X86 Debug\main.obj
         Debug\myFace.obj
         Debug\myHalfedge.obj
         Debug\myMesh.obj
         Debug\myproj.obj
         Debug\myVertex.obj
         Debug\myPoint3D.obj
         Debug\shaders.obj
         Debug\stdafx.obj
         Debug\myVector3D.obj
     1>LINK : warning LNK4067: ambiguous entry point; selected 'mainCRTStartup'
         myproj.vcxproj -> C:\Users\bibiana\Desktop\Copy - mesh\meshviewer\Debug\myproj.exe
     1>Done Building Project "C:\Users\bibiana\Desktop\Copy - mesh\meshviewer\myproj\myproj.vcxproj" (Build target(s)).

Build succeeded.

Time Elapsed 00:00:02.64
