C:\USERS\BIBIANA\DESKTOP\COMPUTATIONAL GEOMETRY\MESHVIEWER\MYPROJ\DEBUG\MYPROJ.PCH
C:\USERS\BIBIANA\DESKTOP\COMPUTATIONAL GEOMETRY\MESHVIEWER\MYPROJ\DEBUG\STDAFX.OBJ
C:\USERS\BIBIANA\DESKTOP\COMPUTATIONAL GEOMETRY\MESHVIEWER\MYPROJ\DEBUG\VC110.PDB
C:\USERS\BIBIANA\DESKTOP\COMPUTATIONAL GEOMETRY\MESHVIEWER\MYPROJ\DEBUG\MAIN.OBJ
C:\USERS\BIBIANA\DESKTOP\COMPUTATIONAL GEOMETRY\MESHVIEWER\MYPROJ\DEBUG\MYFACE.OBJ
C:\USERS\BIBIANA\DESKTOP\COMPUTATIONAL GEOMETRY\MESHVIEWER\MYPROJ\DEBUG\MYHALFEDGE.OBJ
C:\USERS\BIBIANA\DESKTOP\COMPUTATIONAL GEOMETRY\MESHVIEWER\MYPROJ\DEBUG\MYMESH.OBJ
C:\USERS\BIBIANA\DESKTOP\COMPUTATIONAL GEOMETRY\MESHVIEWER\MYPROJ\DEBUG\MYPROJ.OBJ
C:\USERS\BIBIANA\DESKTOP\COMPUTATIONAL GEOMETRY\MESHVIEWER\MYPROJ\DEBUG\MYVERTEX.OBJ
C:\USERS\BIBIANA\DESKTOP\COMPUTATIONAL GEOMETRY\MESHVIEWER\MYPROJ\DEBUG\MYPOINT3D.OBJ
C:\USERS\BIBIANA\DESKTOP\COMPUTATIONAL GEOMETRY\MESHVIEWER\MYPROJ\DEBUG\SHADERS.OBJ
C:\USERS\BIBIANA\DESKTOP\COMPUTATIONAL GEOMETRY\MESHVIEWER\MYPROJ\DEBUG\MYVECTOR3D.OBJ
C:\USERS\BIBIANA\DESKTOP\COMPUTATIONAL GEOMETRY\MESHVIEWER\DEBUG\MYPROJ.ILK
C:\USERS\BIBIANA\DESKTOP\COMPUTATIONAL GEOMETRY\MESHVIEWER\DEBUG\MYPROJ.EXE
C:\USERS\BIBIANA\DESKTOP\COMPUTATIONAL GEOMETRY\MESHVIEWER\DEBUG\MYPROJ.PDB
C:\Users\bibiana\Desktop\Computational geometry\meshviewer\myproj\Debug\main.obj
C:\Users\bibiana\Desktop\Computational geometry\meshviewer\myproj\Debug\myFace.obj
C:\Users\bibiana\Desktop\Computational geometry\meshviewer\myproj\Debug\myHalfedge.obj
C:\Users\bibiana\Desktop\Computational geometry\meshviewer\myproj\Debug\myMesh.obj
C:\Users\bibiana\Desktop\Computational geometry\meshviewer\myproj\Debug\myPoint3D.obj
C:\Users\bibiana\Desktop\Computational geometry\meshviewer\myproj\Debug\myproj.obj
C:\Users\bibiana\Desktop\Computational geometry\meshviewer\myproj\Debug\myVector3D.obj
C:\Users\bibiana\Desktop\Computational geometry\meshviewer\myproj\Debug\myVertex.obj
C:\Users\bibiana\Desktop\Computational geometry\meshviewer\myproj\Debug\shaders.obj
C:\Users\bibiana\Desktop\Computational geometry\meshviewer\myproj\Debug\stdafx.obj
C:\Users\bibiana\Desktop\Computational geometry\meshviewer\myproj\Debug\cl.command.1.tlog
C:\Users\bibiana\Desktop\Computational geometry\meshviewer\myproj\Debug\CL.read.1.tlog
C:\Users\bibiana\Desktop\Computational geometry\meshviewer\myproj\Debug\CL.write.1.tlog
C:\Users\bibiana\Desktop\Computational geometry\meshviewer\myproj\Debug\link-cvtres.read.1.tlog
C:\Users\bibiana\Desktop\Computational geometry\meshviewer\myproj\Debug\link-cvtres.write.1.tlog
C:\Users\bibiana\Desktop\Computational geometry\meshviewer\myproj\Debug\link-rc.read.1.tlog
C:\Users\bibiana\Desktop\Computational geometry\meshviewer\myproj\Debug\link-rc.write.1.tlog
C:\Users\bibiana\Desktop\Computational geometry\meshviewer\myproj\Debug\link.3152-cvtres.read.1.tlog
C:\Users\bibiana\Desktop\Computational geometry\meshviewer\myproj\Debug\link.3152-cvtres.write.1.tlog
C:\Users\bibiana\Desktop\Computational geometry\meshviewer\myproj\Debug\link.3152-rc.read.1.tlog
C:\Users\bibiana\Desktop\Computational geometry\meshviewer\myproj\Debug\link.3152-rc.write.1.tlog
C:\Users\bibiana\Desktop\Computational geometry\meshviewer\myproj\Debug\link.3152.read.1.tlog
C:\Users\bibiana\Desktop\Computational geometry\meshviewer\myproj\Debug\link.3152.write.1.tlog
C:\Users\bibiana\Desktop\Computational geometry\meshviewer\myproj\Debug\link.5116-cvtres.read.1.tlog
C:\Users\bibiana\Desktop\Computational geometry\meshviewer\myproj\Debug\link.5116-cvtres.write.1.tlog
C:\Users\bibiana\Desktop\Computational geometry\meshviewer\myproj\Debug\link.5116-rc.read.1.tlog
C:\Users\bibiana\Desktop\Computational geometry\meshviewer\myproj\Debug\link.5116-rc.write.1.tlog
C:\Users\bibiana\Desktop\Computational geometry\meshviewer\myproj\Debug\link.5116.read.1.tlog
C:\Users\bibiana\Desktop\Computational geometry\meshviewer\myproj\Debug\link.5116.write.1.tlog
C:\Users\bibiana\Desktop\Computational geometry\meshviewer\myproj\Debug\link.5220-cvtres.read.1.tlog
C:\Users\bibiana\Desktop\Computational geometry\meshviewer\myproj\Debug\link.5220-cvtres.write.1.tlog
C:\Users\bibiana\Desktop\Computational geometry\meshviewer\myproj\Debug\link.5220-rc.read.1.tlog
C:\Users\bibiana\Desktop\Computational geometry\meshviewer\myproj\Debug\link.5220-rc.write.1.tlog
C:\Users\bibiana\Desktop\Computational geometry\meshviewer\myproj\Debug\link.5220.read.1.tlog
C:\Users\bibiana\Desktop\Computational geometry\meshviewer\myproj\Debug\link.5220.write.1.tlog
C:\Users\bibiana\Desktop\Computational geometry\meshviewer\myproj\Debug\link.7088-cvtres.read.1.tlog
C:\Users\bibiana\Desktop\Computational geometry\meshviewer\myproj\Debug\link.7088-cvtres.write.1.tlog
C:\Users\bibiana\Desktop\Computational geometry\meshviewer\myproj\Debug\link.7088-rc.read.1.tlog
C:\Users\bibiana\Desktop\Computational geometry\meshviewer\myproj\Debug\link.7088-rc.write.1.tlog
C:\Users\bibiana\Desktop\Computational geometry\meshviewer\myproj\Debug\link.7088.read.1.tlog
C:\Users\bibiana\Desktop\Computational geometry\meshviewer\myproj\Debug\link.7088.write.1.tlog
C:\Users\bibiana\Desktop\Computational geometry\meshviewer\myproj\Debug\link.command.1.tlog
C:\Users\bibiana\Desktop\Computational geometry\meshviewer\myproj\Debug\link.read.1.tlog
C:\Users\bibiana\Desktop\Computational geometry\meshviewer\myproj\Debug\link.write.1.tlog
C:\Users\bibiana\Desktop\Computational geometry\meshviewer\myproj\Debug\myproj.pch
C:\Users\bibiana\Desktop\Computational geometry\meshviewer\myproj\Debug\vc110.idb
C:\Users\bibiana\Desktop\Computational geometry\meshviewer\myproj\Debug\vc110.pdb
C:\Users\bibiana\Desktop\Computational geometry\meshviewer\Debug\myproj.pdb
C:\Users\bibiana\Desktop\Computational geometry\meshviewer\Debug\myproj.exe
C:\Users\bibiana\Desktop\Computational geometry\meshviewer\Debug\myproj.ilk
